This file contains any messages produced by compilers while
running configure, to aid debugging if configure makes a mistake.

It was created by GNOME Disk Utility configure 3.24.1, which was
generated by GNU Autoconf 2.69.  Invocation command line was

  $ ./configure --prefix=/usr --disable-static --sysconfdir=/etc

## --------- ##
## Platform. ##
## --------- ##

hostname = thangpc-Inspiron-5547
uname -m = x86_64
uname -r = 4.10.0-33-generic
uname -s = Linux
uname -v = #37~16.04.1-Ubuntu SMP Fri Aug 11 14:07:24 UTC 2017

/usr/bin/uname -p = unknown
/bin/uname -X     = unknown

/bin/arch              = unknown
/usr/bin/arch -k       = unknown
/usr/convex/getsysinfo = unknown
/usr/bin/hostinfo      = unknown
/bin/machine           = unknown
/usr/bin/oslevel       = unknown
/bin/universe          = unknown

PATH: /home/thangpc/bin
PATH: /home/thangpc/.local/bin
PATH: /usr/local/sbin
PATH: /usr/local/bin
PATH: /usr/sbin
PATH: /usr/bin
PATH: /sbin
PATH: /bin
PATH: /usr/games
PATH: /usr/local/games
PATH: /snap/bin


## ----------- ##
## Core tests. ##
## ----------- ##

configure:2378: checking for gcc
configure:2394: found /usr/bin/gcc
configure:2405: result: gcc
configure:2634: checking for C compiler version
configure:2643: gcc --version >&5
gcc (Ubuntu 5.4.0-6ubuntu1~16.04.4) 5.4.0 20160609
Copyright (C) 2015 Free Software Foundation, Inc.
This is free software; see the source for copying conditions.  There is NO
warranty; not even for MERCHANTABILITY or FITNESS FOR A PARTICULAR PURPOSE.

configure:2654: $? = 0
configure:2643: gcc -v >&5
Using built-in specs.
COLLECT_GCC=gcc
COLLECT_LTO_WRAPPER=/usr/lib/gcc/x86_64-linux-gnu/5/lto-wrapper
Target: x86_64-linux-gnu
Configured with: ../src/configure -v --with-pkgversion='Ubuntu 5.4.0-6ubuntu1~16.04.4' --with-bugurl=file:///usr/share/doc/gcc-5/README.Bugs --enable-languages=c,ada,c++,java,go,d,fortran,objc,obj-c++ --prefix=/usr --program-suffix=-5 --enable-shared --enable-linker-build-id --libexecdir=/usr/lib --without-included-gettext --enable-threads=posix --libdir=/usr/lib --enable-nls --with-sysroot=/ --enable-clocale=gnu --enable-libstdcxx-debug --enable-libstdcxx-time=yes --with-default-libstdcxx-abi=new --enable-gnu-unique-object --disable-vtable-verify --enable-libmpx --enable-plugin --with-system-zlib --disable-browser-plugin --enable-java-awt=gtk --enable-gtk-cairo --with-java-home=/usr/lib/jvm/java-1.5.0-gcj-5-amd64/jre --enable-java-home --with-jvm-root-dir=/usr/lib/jvm/java-1.5.0-gcj-5-amd64 --with-jvm-jar-dir=/usr/lib/jvm-exports/java-1.5.0-gcj-5-amd64 --with-arch-directory=amd64 --with-ecj-jar=/usr/share/java/eclipse-ecj.jar --enable-objc-gc --enable-multiarch --disable-werror --with-arch-32=i686 --with-abi=m64 --with-multilib-list=m32,m64,mx32 --enable-multilib --with-tune=generic --enable-checking=release --build=x86_64-linux-gnu --host=x86_64-linux-gnu --target=x86_64-linux-gnu
Thread model: posix
gcc version 5.4.0 20160609 (Ubuntu 5.4.0-6ubuntu1~16.04.4) 
configure:2654: $? = 0
configure:2643: gcc -V >&5
gcc: error: unrecognized command line option '-V'
gcc: fatal error: no input files
compilation terminated.
configure:2654: $? = 1
configure:2643: gcc -qversion >&5
gcc: error: unrecognized command line option '-qversion'
gcc: fatal error: no input files
compilation terminated.
configure:2654: $? = 1
configure:2674: checking whether the C compiler works
configure:2696: gcc    conftest.c  >&5
configure:2700: $? = 0
configure:2748: result: yes
configure:2751: checking for C compiler default output file name
configure:2753: result: a.out
configure:2759: checking for suffix of executables
configure:2766: gcc -o conftest    conftest.c  >&5
configure:2770: $? = 0
configure:2792: result: 
configure:2814: checking whether we are cross compiling
configure:2822: gcc -o conftest    conftest.c  >&5
configure:2826: $? = 0
configure:2833: ./conftest
configure:2837: $? = 0
configure:2852: result: no
configure:2857: checking for suffix of object files
configure:2879: gcc -c   conftest.c >&5
configure:2883: $? = 0
configure:2904: result: o
configure:2908: checking whether we are using the GNU C compiler
configure:2927: gcc -c   conftest.c >&5
configure:2927: $? = 0
configure:2936: result: yes
configure:2945: checking whether gcc accepts -g
configure:2965: gcc -c -g  conftest.c >&5
configure:2965: $? = 0
configure:3006: result: yes
configure:3023: checking for gcc option to accept ISO C89
configure:3086: gcc  -c -g -O2  conftest.c >&5
configure:3086: $? = 0
configure:3099: result: none needed
configure:3127: checking whether gcc understands -c and -o together
configure:3149: gcc -c conftest.c -o conftest2.o
configure:3152: $? = 0
configure:3149: gcc -c conftest.c -o conftest2.o
configure:3152: $? = 0
configure:3164: result: yes
configure:3198: checking for a BSD-compatible install
configure:3266: result: /usr/bin/install -c
configure:3277: checking whether build environment is sane
configure:3332: result: yes
configure:3480: checking for a thread-safe mkdir -p
configure:3519: result: /bin/mkdir -p
configure:3526: checking for gawk
configure:3556: result: no
configure:3526: checking for mawk
configure:3542: found /usr/bin/mawk
configure:3553: result: mawk
configure:3564: checking whether make sets $(MAKE)
configure:3586: result: yes
configure:3616: checking for style of include used by make
configure:3644: result: GNU
configure:3678: checking whether make supports nested variables
configure:3695: result: yes
configure:3784: checking whether UID '1000' is supported by ustar format
configure:3787: result: yes
configure:3794: checking whether GID '1000' is supported by ustar format
configure:3797: result: yes
configure:3805: checking how to create a ustar tar archive
configure:3816: tar --version
tar (GNU tar) 1.28
Copyright (C) 2014 Free Software Foundation, Inc.
License GPLv3+: GNU GPL version 3 or later <http://gnu.org/licenses/gpl.html>.
This is free software: you are free to change and redistribute it.
There is NO WARRANTY, to the extent permitted by law.

Written by John Gilmore and Jay Fenlason.
configure:3819: $? = 0
configure:3859: tardir=conftest.dir && eval tar --format=ustar -chf - "$tardir" >conftest.tar
configure:3862: $? = 0
configure:3866: tar -xf - <conftest.tar
configure:3869: $? = 0
configure:3871: cat conftest.dir/file
GrepMe
configure:3874: $? = 0
configure:3887: result: gnutar
configure:3896: checking dependency style of gcc
configure:4007: result: gcc3
configure:4066: checking whether to enable maintainer-specific portions of Makefiles
configure:4075: result: yes
configure:4099: checking whether make supports nested variables
configure:4116: result: yes
configure:4158: checking build system type
configure:4172: result: x86_64-unknown-linux-gnu
configure:4192: checking host system type
configure:4205: result: x86_64-unknown-linux-gnu
configure:4246: checking how to print strings
configure:4273: result: printf
configure:4294: checking for a sed that does not truncate output
configure:4358: result: /bin/sed
configure:4376: checking for grep that handles long lines and -e
configure:4434: result: /bin/grep
configure:4439: checking for egrep
configure:4501: result: /bin/grep -E
configure:4506: checking for fgrep
configure:4568: result: /bin/grep -F
configure:4603: checking for ld used by gcc
configure:4670: result: /usr/bin/ld
configure:4677: checking if the linker (/usr/bin/ld) is GNU ld
configure:4692: result: yes
configure:4704: checking for BSD- or MS-compatible name lister (nm)
configure:4758: result: /usr/bin/nm -B
configure:4888: checking the name lister (/usr/bin/nm -B) interface
configure:4895: gcc -c -g -O2  conftest.c >&5
configure:4898: /usr/bin/nm -B "conftest.o"
configure:4901: output
0000000000000000 B some_variable
configure:4908: result: BSD nm
configure:4911: checking whether ln -s works
configure:4915: result: yes
configure:4923: checking the maximum length of command line arguments
configure:5054: result: 1572864
configure:5102: checking how to convert x86_64-unknown-linux-gnu file names to x86_64-unknown-linux-gnu format
configure:5142: result: func_convert_file_noop
configure:5149: checking how to convert x86_64-unknown-linux-gnu file names to toolchain format
configure:5169: result: func_convert_file_noop
configure:5176: checking for /usr/bin/ld option to reload object files
configure:5183: result: -r
configure:5257: checking for objdump
configure:5273: found /usr/bin/objdump
configure:5284: result: objdump
configure:5316: checking how to recognize dependent libraries
configure:5516: result: pass_all
configure:5601: checking for dlltool
configure:5631: result: no
configure:5661: checking how to associate runtime and link libraries
configure:5688: result: printf %s\n
configure:5749: checking for ar
configure:5765: found /usr/bin/ar
configure:5776: result: ar
configure:5813: checking for archiver @FILE support
configure:5830: gcc -c -g -O2  conftest.c >&5
configure:5830: $? = 0
configure:5833: ar cru libconftest.a @conftest.lst >&5
ar: `u' modifier ignored since `D' is the default (see `U')
configure:5836: $? = 0
configure:5841: ar cru libconftest.a @conftest.lst >&5
ar: `u' modifier ignored since `D' is the default (see `U')
ar: conftest.o: No such file or directory
configure:5844: $? = 1
configure:5856: result: @
configure:5914: checking for strip
configure:5930: found /usr/bin/strip
configure:5941: result: strip
configure:6013: checking for ranlib
configure:6029: found /usr/bin/ranlib
configure:6040: result: ranlib
configure:6142: checking command to parse /usr/bin/nm -B output from gcc object
configure:6295: gcc -c -g -O2  conftest.c >&5
configure:6298: $? = 0
configure:6302: /usr/bin/nm -B conftest.o \| sed -n -e 's/^.*[ ]\([ABCDGIRSTW][ABCDGIRSTW]*\)[ ][ ]*\([_A-Za-z][_A-Za-z0-9]*\)$/\1 \2 \2/p' | sed '/ __gnu_lto/d' \> conftest.nm
configure:6305: $? = 0
configure:6371: gcc -o conftest -g -O2   conftest.c conftstm.o >&5
configure:6374: $? = 0
configure:6412: result: ok
configure:6459: checking for sysroot
configure:6489: result: no
configure:6496: checking for a working dd
configure:6534: result: /bin/dd
configure:6538: checking how to truncate binary pipes
configure:6553: result: /bin/dd bs=4096 count=1
configure:6689: gcc -c -g -O2  conftest.c >&5
configure:6692: $? = 0
configure:6882: checking for mt
configure:6898: found /bin/mt
configure:6909: result: mt
configure:6932: checking if mt is a manifest tool
configure:6938: mt '-?'
configure:6946: result: no
configure:7623: checking how to run the C preprocessor
configure:7654: gcc -E  conftest.c
configure:7654: $? = 0
configure:7668: gcc -E  conftest.c
conftest.c:11:28: fatal error: ac_nonexistent.h: No such file or directory
compilation terminated.
configure:7668: $? = 1
configure: failed program was:
| /* confdefs.h */
| #define PACKAGE_NAME "GNOME Disk Utility"
| #define PACKAGE_TARNAME "gnome-disk-utility"
| #define PACKAGE_VERSION "3.24.1"
| #define PACKAGE_STRING "GNOME Disk Utility 3.24.1"
| #define PACKAGE_BUGREPORT "https://bugzilla.gnome.org/enter_bug.cgi?product=gnome-disk-utility"
| #define PACKAGE_URL ""
| #define PACKAGE "gnome-disk-utility"
| #define VERSION "3.24.1"
| /* end confdefs.h.  */
| #include <ac_nonexistent.h>
configure:7693: result: gcc -E
configure:7713: gcc -E  conftest.c
configure:7713: $? = 0
configure:7727: gcc -E  conftest.c
conftest.c:11:28: fatal error: ac_nonexistent.h: No such file or directory
compilation terminated.
configure:7727: $? = 1
configure: failed program was:
| /* confdefs.h */
| #define PACKAGE_NAME "GNOME Disk Utility"
| #define PACKAGE_TARNAME "gnome-disk-utility"
| #define PACKAGE_VERSION "3.24.1"
| #define PACKAGE_STRING "GNOME Disk Utility 3.24.1"
| #define PACKAGE_BUGREPORT "https://bugzilla.gnome.org/enter_bug.cgi?product=gnome-disk-utility"
| #define PACKAGE_URL ""
| #define PACKAGE "gnome-disk-utility"
| #define VERSION "3.24.1"
| /* end confdefs.h.  */
| #include <ac_nonexistent.h>
configure:7756: checking for ANSI C header files
configure:7776: gcc -c -g -O2  conftest.c >&5
configure:7776: $? = 0
configure:7849: gcc -o conftest -g -O2   conftest.c  >&5
configure:7849: $? = 0
configure:7849: ./conftest
configure:7849: $? = 0
configure:7860: result: yes
configure:7873: checking for sys/types.h
configure:7873: gcc -c -g -O2  conftest.c >&5
configure:7873: $? = 0
configure:7873: result: yes
configure:7873: checking for sys/stat.h
configure:7873: gcc -c -g -O2  conftest.c >&5
configure:7873: $? = 0
configure:7873: result: yes
configure:7873: checking for stdlib.h
configure:7873: gcc -c -g -O2  conftest.c >&5
configure:7873: $? = 0
configure:7873: result: yes
configure:7873: checking for string.h
configure:7873: gcc -c -g -O2  conftest.c >&5
configure:7873: $? = 0
configure:7873: result: yes
configure:7873: checking for memory.h
configure:7873: gcc -c -g -O2  conftest.c >&5
configure:7873: $? = 0
configure:7873: result: yes
configure:7873: checking for strings.h
configure:7873: gcc -c -g -O2  conftest.c >&5
configure:7873: $? = 0
configure:7873: result: yes
configure:7873: checking for inttypes.h
configure:7873: gcc -c -g -O2  conftest.c >&5
configure:7873: $? = 0
configure:7873: result: yes
configure:7873: checking for stdint.h
configure:7873: gcc -c -g -O2  conftest.c >&5
configure:7873: $? = 0
configure:7873: result: yes
configure:7873: checking for unistd.h
configure:7873: gcc -c -g -O2  conftest.c >&5
configure:7873: $? = 0
configure:7873: result: yes
configure:7887: checking for dlfcn.h
configure:7887: gcc -c -g -O2  conftest.c >&5
configure:7887: $? = 0
configure:7887: result: yes
configure:8143: checking for objdir
configure:8158: result: .libs
configure:8422: checking if gcc supports -fno-rtti -fno-exceptions
configure:8440: gcc -c -g -O2  -fno-rtti -fno-exceptions conftest.c >&5
cc1: warning: command line option '-fno-rtti' is valid for C++/ObjC++ but not for C
configure:8444: $? = 0
configure:8457: result: no
configure:8815: checking for gcc option to produce PIC
configure:8822: result: -fPIC -DPIC
configure:8830: checking if gcc PIC flag -fPIC -DPIC works
configure:8848: gcc -c -g -O2  -fPIC -DPIC -DPIC conftest.c >&5
configure:8852: $? = 0
configure:8865: result: yes
configure:8894: checking if gcc static flag -static works
configure:8922: result: yes
configure:8937: checking if gcc supports -c -o file.o
configure:8958: gcc -c -g -O2  -o out/conftest2.o conftest.c >&5
configure:8962: $? = 0
configure:8984: result: yes
configure:8992: checking if gcc supports -c -o file.o
configure:9039: result: yes
configure:9072: checking whether the gcc linker (/usr/bin/ld -m elf_x86_64) supports shared libraries
configure:10331: result: yes
configure:10368: checking whether -lc should be explicitly linked in
configure:10376: gcc -c -g -O2  conftest.c >&5
configure:10379: $? = 0
configure:10394: gcc -shared  -fPIC -DPIC conftest.o  -v -Wl,-soname -Wl,conftest -o conftest 2\>\&1 \| /bin/grep  -lc  \>/dev/null 2\>\&1
configure:10397: $? = 0
configure:10411: result: no
configure:10571: checking dynamic linker characteristics
configure:11152: gcc -o conftest -g -O2   -Wl,-rpath -Wl,/foo conftest.c  >&5
configure:11152: $? = 0
configure:11392: result: GNU/Linux ld.so
configure:11514: checking how to hardcode library paths into programs
configure:11539: result: immediate
configure:12087: checking whether stripping libraries is possible
configure:12092: result: yes
configure:12127: checking if libtool supports shared libraries
configure:12129: result: yes
configure:12132: checking whether to build shared libraries
configure:12157: result: yes
configure:12160: checking whether to build static libraries
configure:12164: result: no
configure:12274: checking whether C compiler accepts -Werror=unknown-warning-option
configure:12293: gcc -c -g -O2  -Werror=unknown-warning-option  conftest.c >&5
cc1: error: -Werror=unknown-warning-option: no option -Wunknown-warning-option
configure:12293: $? = 1
configure: failed program was:
| /* confdefs.h */
| #define PACKAGE_NAME "GNOME Disk Utility"
| #define PACKAGE_TARNAME "gnome-disk-utility"
| #define PACKAGE_VERSION "3.24.1"
| #define PACKAGE_STRING "GNOME Disk Utility 3.24.1"
| #define PACKAGE_BUGREPORT "https://bugzilla.gnome.org/enter_bug.cgi?product=gnome-disk-utility"
| #define PACKAGE_URL ""
| #define PACKAGE "gnome-disk-utility"
| #define VERSION "3.24.1"
| #define STDC_HEADERS 1
| #define HAVE_SYS_TYPES_H 1
| #define HAVE_SYS_STAT_H 1
| #define HAVE_STDLIB_H 1
| #define HAVE_STRING_H 1
| #define HAVE_MEMORY_H 1
| #define HAVE_STRINGS_H 1
| #define HAVE_INTTYPES_H 1
| #define HAVE_STDINT_H 1
| #define HAVE_UNISTD_H 1
| #define HAVE_DLFCN_H 1
| #define LT_OBJDIR ".libs/"
| /* end confdefs.h.  */
| 
| int
| main ()
| {
| 
|   ;
|   return 0;
| }
configure:12301: result: no
configure:12315: checking whether C compiler accepts -Wno-suggest-attribute=format
configure:12334: gcc -c -g -O2  -Wno-suggest-attribute=format  conftest.c >&5
configure:12334: $? = 0
configure:12342: result: yes
configure:12362: checking whether C compiler accepts -fno-strict-aliasing
configure:12381: gcc -c -g -O2  -fno-strict-aliasing  conftest.c >&5
configure:12381: $? = 0
configure:12390: result: yes
configure:12417: : WARN_CFLAGS="$WARN_CFLAGS"
configure:12420: $? = 0
configure:12441: checking whether C compiler accepts -Wall
configure:12460: gcc -c -g -O2  -Wall  conftest.c >&5
configure:12460: $? = 0
configure:12469: result: yes
configure:12485: : WARN_CFLAGS="$WARN_CFLAGS"
configure:12488: $? = 0
configure:12441: checking whether C compiler accepts -Wextra
configure:12460: gcc -c -g -O2  -Wextra  conftest.c >&5
configure:12460: $? = 0
configure:12469: result: yes
configure:12485: : WARN_CFLAGS="$WARN_CFLAGS"
configure:12488: $? = 0
configure:12441: checking whether C compiler accepts -Wundef
configure:12460: gcc -c -g -O2  -Wundef  conftest.c >&5
configure:12460: $? = 0
configure:12469: result: yes
configure:12485: : WARN_CFLAGS="$WARN_CFLAGS"
configure:12488: $? = 0
configure:12441: checking whether C compiler accepts -Wnested-externs
configure:12460: gcc -c -g -O2  -Wnested-externs  conftest.c >&5
configure:12460: $? = 0
configure:12469: result: yes
configure:12485: : WARN_CFLAGS="$WARN_CFLAGS"
configure:12488: $? = 0
configure:12441: checking whether C compiler accepts -Wwrite-strings
configure:12460: gcc -c -g -O2  -Wwrite-strings  conftest.c >&5
configure:12460: $? = 0
configure:12469: result: yes
configure:12485: : WARN_CFLAGS="$WARN_CFLAGS"
configure:12488: $? = 0
configure:12441: checking whether C compiler accepts -Wpointer-arith
configure:12460: gcc -c -g -O2  -Wpointer-arith  conftest.c >&5
configure:12460: $? = 0
configure:12469: result: yes
configure:12485: : WARN_CFLAGS="$WARN_CFLAGS"
configure:12488: $? = 0
configure:12441: checking whether C compiler accepts -Wmissing-declarations
configure:12460: gcc -c -g -O2  -Wmissing-declarations  conftest.c >&5
configure:12460: $? = 0
configure:12469: result: yes
configure:12485: : WARN_CFLAGS="$WARN_CFLAGS"
configure:12488: $? = 0
configure:12441: checking whether C compiler accepts -Wmissing-prototypes
configure:12460: gcc -c -g -O2  -Wmissing-prototypes  conftest.c >&5
configure:12460: $? = 0
configure:12469: result: yes
configure:12485: : WARN_CFLAGS="$WARN_CFLAGS"
configure:12488: $? = 0
configure:12441: checking whether C compiler accepts -Wstrict-prototypes
configure:12460: gcc -c -g -O2  -Wstrict-prototypes  conftest.c >&5
conftest.c:25:1: warning: function declaration isn't a prototype [-Wstrict-prototypes]
 main ()
 ^
configure:12460: $? = 0
configure:12469: result: yes
configure:12485: : WARN_CFLAGS="$WARN_CFLAGS"
configure:12488: $? = 0
configure:12441: checking whether C compiler accepts -Wredundant-decls
configure:12460: gcc -c -g -O2  -Wredundant-decls  conftest.c >&5
configure:12460: $? = 0
configure:12469: result: yes
configure:12485: : WARN_CFLAGS="$WARN_CFLAGS"
configure:12488: $? = 0
configure:12441: checking whether C compiler accepts -Wno-unused-parameter
configure:12460: gcc -c -g -O2  -Wno-unused-parameter  conftest.c >&5
configure:12460: $? = 0
configure:12469: result: yes
configure:12485: : WARN_CFLAGS="$WARN_CFLAGS"
configure:12488: $? = 0
configure:12441: checking whether C compiler accepts -Wno-missing-field-initializers
configure:12460: gcc -c -g -O2  -Wno-missing-field-initializers  conftest.c >&5
configure:12460: $? = 0
configure:12469: result: yes
configure:12485: : WARN_CFLAGS="$WARN_CFLAGS"
configure:12488: $? = 0
configure:12441: checking whether C compiler accepts -Wdeclaration-after-statement
configure:12460: gcc -c -g -O2  -Wdeclaration-after-statement  conftest.c >&5
configure:12460: $? = 0
configure:12469: result: yes
configure:12485: : WARN_CFLAGS="$WARN_CFLAGS"
configure:12488: $? = 0
configure:12441: checking whether C compiler accepts -Wformat=2
configure:12460: gcc -c -g -O2  -Wformat=2  conftest.c >&5
configure:12460: $? = 0
configure:12469: result: yes
configure:12485: : WARN_CFLAGS="$WARN_CFLAGS"
configure:12488: $? = 0
configure:12441: checking whether C compiler accepts -Wold-style-definition
configure:12460: gcc -c -g -O2  -Wold-style-definition  conftest.c >&5
conftest.c: In function 'main':
conftest.c:25:1: warning: old-style function definition [-Wold-style-definition]
 main ()
 ^
configure:12460: $? = 0
configure:12469: result: yes
configure:12485: : WARN_CFLAGS="$WARN_CFLAGS"
configure:12488: $? = 0
configure:12441: checking whether C compiler accepts -Wcast-align
configure:12460: gcc -c -g -O2  -Wcast-align  conftest.c >&5
configure:12460: $? = 0
configure:12469: result: yes
configure:12485: : WARN_CFLAGS="$WARN_CFLAGS"
configure:12488: $? = 0
configure:12441: checking whether C compiler accepts -Wformat-nonliteral
configure:12460: gcc -c -g -O2  -Wformat-nonliteral  conftest.c >&5
configure:12460: $? = 0
configure:12469: result: yes
configure:12485: : WARN_CFLAGS="$WARN_CFLAGS"
configure:12488: $? = 0
configure:12441: checking whether C compiler accepts -Wformat-security
configure:12460: gcc -c -g -O2  -Wformat-security  conftest.c >&5
configure:12460: $? = 0
configure:12469: result: yes
configure:12485: : WARN_CFLAGS="$WARN_CFLAGS"
configure:12488: $? = 0
configure:12441: checking whether C compiler accepts -Wsign-compare
configure:12460: gcc -c -g -O2  -Wsign-compare  conftest.c >&5
configure:12460: $? = 0
configure:12469: result: yes
configure:12485: : WARN_CFLAGS="$WARN_CFLAGS"
configure:12488: $? = 0
configure:12441: checking whether C compiler accepts -Wstrict-aliasing
configure:12460: gcc -c -g -O2  -Wstrict-aliasing  conftest.c >&5
configure:12460: $? = 0
configure:12469: result: yes
configure:12485: : WARN_CFLAGS="$WARN_CFLAGS"
configure:12488: $? = 0
configure:12441: checking whether C compiler accepts -Wshadow
configure:12460: gcc -c -g -O2  -Wshadow  conftest.c >&5
configure:12460: $? = 0
configure:12469: result: yes
configure:12485: : WARN_CFLAGS="$WARN_CFLAGS"
configure:12488: $? = 0
configure:12441: checking whether C compiler accepts -Winline
configure:12460: gcc -c -g -O2  -Winline  conftest.c >&5
configure:12460: $? = 0
configure:12469: result: yes
configure:12485: : WARN_CFLAGS="$WARN_CFLAGS"
configure:12488: $? = 0
configure:12441: checking whether C compiler accepts -Wpacked
configure:12460: gcc -c -g -O2  -Wpacked  conftest.c >&5
configure:12460: $? = 0
configure:12469: result: yes
configure:12485: : WARN_CFLAGS="$WARN_CFLAGS"
configure:12488: $? = 0
configure:12441: checking whether C compiler accepts -Wmissing-format-attribute
configure:12460: gcc -c -g -O2  -Wmissing-format-attribute  conftest.c >&5
configure:12460: $? = 0
configure:12469: result: yes
configure:12485: : WARN_CFLAGS="$WARN_CFLAGS"
configure:12488: $? = 0
configure:12441: checking whether C compiler accepts -Wmissing-noreturn
configure:12460: gcc -c -g -O2  -Wmissing-noreturn  conftest.c >&5
configure:12460: $? = 0
configure:12469: result: yes
configure:12485: : WARN_CFLAGS="$WARN_CFLAGS"
configure:12488: $? = 0
configure:12441: checking whether C compiler accepts -Winit-self
configure:12460: gcc -c -g -O2  -Winit-self  conftest.c >&5
configure:12460: $? = 0
configure:12469: result: yes
configure:12485: : WARN_CFLAGS="$WARN_CFLAGS"
configure:12488: $? = 0
configure:12441: checking whether C compiler accepts -Wredundant-decls
configure:12469: result: yes
configure:12477: : WARN_CFLAGS already contains $flag
configure:12480: $? = 0
configure:12441: checking whether C compiler accepts -Wmissing-include-dirs
configure:12460: gcc -c -g -O2  -Wmissing-include-dirs  conftest.c >&5
configure:12460: $? = 0
configure:12469: result: yes
configure:12485: : WARN_CFLAGS="$WARN_CFLAGS"
configure:12488: $? = 0
configure:12441: checking whether C compiler accepts -Wunused-but-set-variable
configure:12460: gcc -c -g -O2  -Wunused-but-set-variable  conftest.c >&5
configure:12460: $? = 0
configure:12469: result: yes
configure:12485: : WARN_CFLAGS="$WARN_CFLAGS"
configure:12488: $? = 0
configure:12441: checking whether C compiler accepts -Warray-bounds
configure:12460: gcc -c -g -O2  -Warray-bounds  conftest.c >&5
configure:12460: $? = 0
configure:12469: result: yes
configure:12485: : WARN_CFLAGS="$WARN_CFLAGS"
configure:12488: $? = 0
configure:12441: checking whether C compiler accepts -Wimplicit-function-declaration
configure:12460: gcc -c -g -O2  -Wimplicit-function-declaration  conftest.c >&5
configure:12460: $? = 0
configure:12469: result: yes
configure:12485: : WARN_CFLAGS="$WARN_CFLAGS"
configure:12488: $? = 0
configure:12441: checking whether C compiler accepts -Wreturn-type
configure:12460: gcc -c -g -O2  -Wreturn-type  conftest.c >&5
configure:12460: $? = 0
configure:12469: result: yes
configure:12485: : WARN_CFLAGS="$WARN_CFLAGS"
configure:12488: $? = 0
configure:12441: checking whether C compiler accepts -Wswitch-enum
configure:12460: gcc -c -g -O2  -Wswitch-enum  conftest.c >&5
configure:12460: $? = 0
configure:12469: result: yes
configure:12485: : WARN_CFLAGS="$WARN_CFLAGS"
configure:12488: $? = 0
configure:12441: checking whether C compiler accepts -Wswitch-default
configure:12460: gcc -c -g -O2  -Wswitch-default  conftest.c >&5
configure:12460: $? = 0
configure:12469: result: yes
configure:12485: : WARN_CFLAGS="$WARN_CFLAGS"
configure:12488: $? = 0
configure:12646: checking whether C compiler accepts -Wno-error=unused-parameter
configure:12665: gcc -c -g -O2  -Wno-error=unused-parameter  conftest.c >&5
configure:12665: $? = 0
configure:12674: result: yes
configure:12690: : WARN_CFLAGS="$WARN_CFLAGS"
configure:12693: $? = 0
configure:12646: checking whether C compiler accepts -Wno-error=missing-field-initializers
configure:12665: gcc -c -g -O2  -Wno-error=missing-field-initializers  conftest.c >&5
configure:12665: $? = 0
configure:12674: result: yes
configure:12690: : WARN_CFLAGS="$WARN_CFLAGS"
configure:12693: $? = 0
configure:12750: checking whether C compiler accepts -Werror=unknown-warning-option
configure:12777: result: no
configure:12791: checking whether the linker accepts -Wl,--no-as-needed
configure:12810: gcc -o conftest -g -O2    -Wl,--no-as-needed conftest.c  >&5
configure:12810: $? = 0
configure:12819: result: yes
configure:12834: checking whether the linker accepts -Wl,--fatal-warnings
configure:12853: gcc -o conftest -g -O2    -Wl,--fatal-warnings conftest.c  >&5
configure:12853: $? = 0
configure:12862: result: yes
configure:12872: checking whether the linker accepts -Wl,-fatal_warnings
configure:12891: gcc -o conftest -g -O2    -Wl,-fatal_warnings conftest.c  >&5
/usr/bin/ld: -f may not be used without -shared
collect2: error: ld returned 1 exit status
configure:12891: $? = 1
configure: failed program was:
| /* confdefs.h */
| #define PACKAGE_NAME "GNOME Disk Utility"
| #define PACKAGE_TARNAME "gnome-disk-utility"
| #define PACKAGE_VERSION "3.24.1"
| #define PACKAGE_STRING "GNOME Disk Utility 3.24.1"
| #define PACKAGE_BUGREPORT "https://bugzilla.gnome.org/enter_bug.cgi?product=gnome-disk-utility"
| #define PACKAGE_URL ""
| #define PACKAGE "gnome-disk-utility"
| #define VERSION "3.24.1"
| #define STDC_HEADERS 1
| #define HAVE_SYS_TYPES_H 1
| #define HAVE_SYS_STAT_H 1
| #define HAVE_STDLIB_H 1
| #define HAVE_STRING_H 1
| #define HAVE_MEMORY_H 1
| #define HAVE_STRINGS_H 1
| #define HAVE_INTTYPES_H 1
| #define HAVE_STDINT_H 1
| #define HAVE_UNISTD_H 1
| #define HAVE_DLFCN_H 1
| #define LT_OBJDIR ".libs/"
| /* end confdefs.h.  */
| 
| int
| main ()
| {
| 
|   ;
|   return 0;
| }
configure:12900: result: no
configure:12918: checking whether the linker accepts -Wl,--no-as-needed
configure:12937: gcc -o conftest -g -O2    -Wl,--no-as-needed conftest.c  >&5
configure:12937: $? = 0
configure:12947: result: yes
configure:12974: : WARN_LDFLAGS="$WARN_LDFLAGS"
configure:12977: $? = 0
configure:13191: : WARN_SCANNERFLAGS="$WARN_SCANNERFLAGS"
configure:13194: $? = 0
configure:13216: : WARN_SCANNERFLAGS="$WARN_SCANNERFLAGS"
configure:13219: $? = 0
configure:13280: checking for valid fallocate() function
configure:13307: gcc -o conftest -g -O2   conftest.c  >&5
conftest.c: In function 'main':
conftest.c:36:10: warning: implicit declaration of function 'fallocate' [-Wimplicit-function-declaration]
    ret = fallocate(0, FALLOC_FL_KEEP_SIZE, 0xfffffffful, 0xfffffffful);
          ^
configure:13307: $? = 0
configure:13309: result: yes
configure:13391: checking for pkg-config
configure:13409: found /usr/bin/pkg-config
configure:13421: result: /usr/bin/pkg-config
configure:13446: checking pkg-config is at least version 0.9.0
configure:13449: result: yes
configure:13459: checking for GLIB2
configure:13466: $PKG_CONFIG --exists --print-errors "gmodule-2.0 gio-unix-2.0 >= $GLIB2_REQUIRED"
Package gmodule-2.0 was not found in the pkg-config search path.
Perhaps you should add the directory containing `gmodule-2.0.pc'
to the PKG_CONFIG_PATH environment variable
No package 'gmodule-2.0' found
Package gio-unix-2.0 was not found in the pkg-config search path.
Perhaps you should add the directory containing `gio-unix-2.0.pc'
to the PKG_CONFIG_PATH environment variable
No package 'gio-unix-2.0' found
configure:13469: $? = 1
configure:13483: $PKG_CONFIG --exists --print-errors "gmodule-2.0 gio-unix-2.0 >= $GLIB2_REQUIRED"
Package gmodule-2.0 was not found in the pkg-config search path.
Perhaps you should add the directory containing `gmodule-2.0.pc'
to the PKG_CONFIG_PATH environment variable
No package 'gmodule-2.0' found
Package gio-unix-2.0 was not found in the pkg-config search path.
Perhaps you should add the directory containing `gio-unix-2.0.pc'
to the PKG_CONFIG_PATH environment variable
No package 'gio-unix-2.0' found
configure:13486: $? = 1
configure:13500: result: no
No package 'gmodule-2.0' found
No package 'gio-unix-2.0' found
configure:13516: error: Package requirements (gmodule-2.0 gio-unix-2.0 >= 2.31.0) were not met:

No package 'gmodule-2.0' found
No package 'gio-unix-2.0' found

Consider adjusting the PKG_CONFIG_PATH environment variable if you
installed software in a non-standard prefix.

Alternatively, you may set the environment variables GLIB2_CFLAGS
and GLIB2_LIBS to avoid the need to call pkg-config.
See the pkg-config man page for more details.

## ---------------- ##
## Cache variables. ##
## ---------------- ##

ac_cv_build=x86_64-unknown-linux-gnu
ac_cv_c_compiler_gnu=yes
ac_cv_env_CANBERRA_CFLAGS_set=
ac_cv_env_CANBERRA_CFLAGS_value=
ac_cv_env_CANBERRA_LIBS_set=
ac_cv_env_CANBERRA_LIBS_value=
ac_cv_env_CC_set=
ac_cv_env_CC_value=
ac_cv_env_CFLAGS_set=
ac_cv_env_CFLAGS_value=
ac_cv_env_CPPFLAGS_set=
ac_cv_env_CPPFLAGS_value=
ac_cv_env_CPP_set=
ac_cv_env_CPP_value=
ac_cv_env_GLIB2_CFLAGS_set=
ac_cv_env_GLIB2_CFLAGS_value=
ac_cv_env_GLIB2_LIBS_set=
ac_cv_env_GLIB2_LIBS_value=
ac_cv_env_GTK3_CFLAGS_set=
ac_cv_env_GTK3_CFLAGS_value=
ac_cv_env_GTK3_LIBS_set=
ac_cv_env_GTK3_LIBS_value=
ac_cv_env_LDFLAGS_set=
ac_cv_env_LDFLAGS_value=
ac_cv_env_LIBDVDREAD_CFLAGS_set=
ac_cv_env_LIBDVDREAD_CFLAGS_value=
ac_cv_env_LIBDVDREAD_LIBS_set=
ac_cv_env_LIBDVDREAD_LIBS_value=
ac_cv_env_LIBLZMA_CFLAGS_set=
ac_cv_env_LIBLZMA_CFLAGS_value=
ac_cv_env_LIBLZMA_LIBS_set=
ac_cv_env_LIBLZMA_LIBS_value=
ac_cv_env_LIBNOTIFY_CFLAGS_set=
ac_cv_env_LIBNOTIFY_CFLAGS_value=
ac_cv_env_LIBNOTIFY_LIBS_set=
ac_cv_env_LIBNOTIFY_LIBS_value=
ac_cv_env_LIBSECRET1_CFLAGS_set=
ac_cv_env_LIBSECRET1_CFLAGS_value=
ac_cv_env_LIBSECRET1_LIBS_set=
ac_cv_env_LIBSECRET1_LIBS_value=
ac_cv_env_LIBSYSTEMD_CFLAGS_set=
ac_cv_env_LIBSYSTEMD_CFLAGS_value=
ac_cv_env_LIBSYSTEMD_LIBS_set=
ac_cv_env_LIBSYSTEMD_LIBS_value=
ac_cv_env_LIBS_set=
ac_cv_env_LIBS_value=
ac_cv_env_LT_SYS_LIBRARY_PATH_set=
ac_cv_env_LT_SYS_LIBRARY_PATH_value=
ac_cv_env_PKG_CONFIG_LIBDIR_set=
ac_cv_env_PKG_CONFIG_LIBDIR_value=
ac_cv_env_PKG_CONFIG_PATH_set=
ac_cv_env_PKG_CONFIG_PATH_value=
ac_cv_env_PKG_CONFIG_set=
ac_cv_env_PKG_CONFIG_value=
ac_cv_env_PWQUALITY_CFLAGS_set=
ac_cv_env_PWQUALITY_CFLAGS_value=
ac_cv_env_PWQUALITY_LIBS_set=
ac_cv_env_PWQUALITY_LIBS_value=
ac_cv_env_UDISKS2_CFLAGS_set=
ac_cv_env_UDISKS2_CFLAGS_value=
ac_cv_env_UDISKS2_LIBS_set=
ac_cv_env_UDISKS2_LIBS_value=
ac_cv_env_build_alias_set=
ac_cv_env_build_alias_value=
ac_cv_env_host_alias_set=
ac_cv_env_host_alias_value=
ac_cv_env_target_alias_set=
ac_cv_env_target_alias_value=
ac_cv_header_dlfcn_h=yes
ac_cv_header_inttypes_h=yes
ac_cv_header_memory_h=yes
ac_cv_header_stdc=yes
ac_cv_header_stdint_h=yes
ac_cv_header_stdlib_h=yes
ac_cv_header_string_h=yes
ac_cv_header_strings_h=yes
ac_cv_header_sys_stat_h=yes
ac_cv_header_sys_types_h=yes
ac_cv_header_unistd_h=yes
ac_cv_host=x86_64-unknown-linux-gnu
ac_cv_objext=o
ac_cv_path_EGREP='/bin/grep -E'
ac_cv_path_FGREP='/bin/grep -F'
ac_cv_path_GREP=/bin/grep
ac_cv_path_SED=/bin/sed
ac_cv_path_ac_pt_PKG_CONFIG=/usr/bin/pkg-config
ac_cv_path_install='/usr/bin/install -c'
ac_cv_path_lt_DD=/bin/dd
ac_cv_path_mkdir=/bin/mkdir
ac_cv_prog_AWK=mawk
ac_cv_prog_CPP='gcc -E'
ac_cv_prog_ac_ct_AR=ar
ac_cv_prog_ac_ct_CC=gcc
ac_cv_prog_ac_ct_MANIFEST_TOOL=mt
ac_cv_prog_ac_ct_OBJDUMP=objdump
ac_cv_prog_ac_ct_RANLIB=ranlib
ac_cv_prog_ac_ct_STRIP=strip
ac_cv_prog_cc_c89=
ac_cv_prog_cc_g=yes
ac_cv_prog_make_make_set=yes
am_cv_CC_dependencies_compiler_type=gcc3
am_cv_make_support_nested_variables=yes
am_cv_prog_cc_c_o=yes
am_cv_prog_tar_ustar=gnutar
ax_cv_check_cflags__Wall=yes
ax_cv_check_cflags__Warray_bounds=yes
ax_cv_check_cflags__Wcast_align=yes
ax_cv_check_cflags__Wdeclaration_after_statement=yes
ax_cv_check_cflags__Wextra=yes
ax_cv_check_cflags__Wformat_2=yes
ax_cv_check_cflags__Wformat_nonliteral=yes
ax_cv_check_cflags__Wformat_security=yes
ax_cv_check_cflags__Wimplicit_function_declaration=yes
ax_cv_check_cflags__Winit_self=yes
ax_cv_check_cflags__Winline=yes
ax_cv_check_cflags__Wmissing_declarations=yes
ax_cv_check_cflags__Wmissing_format_attribute=yes
ax_cv_check_cflags__Wmissing_include_dirs=yes
ax_cv_check_cflags__Wmissing_noreturn=yes
ax_cv_check_cflags__Wmissing_prototypes=yes
ax_cv_check_cflags__Wnested_externs=yes
ax_cv_check_cflags__Wno_error_missing_field_initializers=yes
ax_cv_check_cflags__Wno_error_unused_parameter=yes
ax_cv_check_cflags__Wno_missing_field_initializers=yes
ax_cv_check_cflags__Wno_unused_parameter=yes
ax_cv_check_cflags__Wold_style_definition=yes
ax_cv_check_cflags__Wpacked=yes
ax_cv_check_cflags__Wpointer_arith=yes
ax_cv_check_cflags__Wredundant_decls=yes
ax_cv_check_cflags__Wreturn_type=yes
ax_cv_check_cflags__Wshadow=yes
ax_cv_check_cflags__Wsign_compare=yes
ax_cv_check_cflags__Wstrict_aliasing=yes
ax_cv_check_cflags__Wstrict_prototypes=yes
ax_cv_check_cflags__Wswitch_default=yes
ax_cv_check_cflags__Wswitch_enum=yes
ax_cv_check_cflags__Wundef=yes
ax_cv_check_cflags__Wunused_but_set_variable=yes
ax_cv_check_cflags__Wwrite_strings=yes
ax_cv_check_cflags___Werror_unknown_warning_option=no
ax_cv_check_cflags___Wno_suggest_attribute_format=yes
ax_cv_check_cflags__fno_strict_aliasing=yes
ax_cv_check_ldflags__Wl___no_as_needed=yes
ax_cv_check_ldflags___Wl___fatal_warnings=yes
ax_cv_check_ldflags___Wl___no_as_needed=yes
ax_cv_check_ldflags___Wl__fatal_warnings=no
lt_cv_ar_at_file=@
lt_cv_archive_cmds_need_lc=no
lt_cv_deplibs_check_method=pass_all
lt_cv_file_magic_cmd='$MAGIC_CMD'
lt_cv_file_magic_test_file=
lt_cv_ld_reload_flag=-r
lt_cv_nm_interface='BSD nm'
lt_cv_objdir=.libs
lt_cv_path_LD=/usr/bin/ld
lt_cv_path_NM='/usr/bin/nm -B'
lt_cv_path_mainfest_tool=no
lt_cv_prog_compiler_c_o=yes
lt_cv_prog_compiler_pic='-fPIC -DPIC'
lt_cv_prog_compiler_pic_works=yes
lt_cv_prog_compiler_rtti_exceptions=no
lt_cv_prog_compiler_static_works=yes
lt_cv_prog_gnu_ld=yes
lt_cv_sharedlib_from_linklib_cmd='printf %s\n'
lt_cv_shlibpath_overrides_runpath=no
lt_cv_sys_global_symbol_pipe='sed -n -e '\''s/^.*[	 ]\([ABCDGIRSTW][ABCDGIRSTW]*\)[	 ][	 ]*\([_A-Za-z][_A-Za-z0-9]*\)$/\1 \2 \2/p'\'' | sed '\''/ __gnu_lto/d'\'''
lt_cv_sys_global_symbol_to_c_name_address='sed -n -e '\''s/^: \(.*\) .*$/  {"\1", (void *) 0},/p'\'' -e '\''s/^[ABCDGIRSTW][ABCDGIRSTW]* .* \(.*\)$/  {"\1", (void *) \&\1},/p'\'''
lt_cv_sys_global_symbol_to_c_name_address_lib_prefix='sed -n -e '\''s/^: \(.*\) .*$/  {"\1", (void *) 0},/p'\'' -e '\''s/^[ABCDGIRSTW][ABCDGIRSTW]* .* \(lib.*\)$/  {"\1", (void *) \&\1},/p'\'' -e '\''s/^[ABCDGIRSTW][ABCDGIRSTW]* .* \(.*\)$/  {"lib\1", (void *) \&\1},/p'\'''
lt_cv_sys_global_symbol_to_cdecl='sed -n -e '\''s/^T .* \(.*\)$/extern int \1();/p'\'' -e '\''s/^[ABCDGIRSTW][ABCDGIRSTW]* .* \(.*\)$/extern char \1;/p'\'''
lt_cv_sys_global_symbol_to_import=
lt_cv_sys_max_cmd_len=1572864
lt_cv_to_host_file_cmd=func_convert_file_noop
lt_cv_to_tool_file_cmd=func_convert_file_noop
lt_cv_truncate_bin='/bin/dd bs=4096 count=1'

## ----------------- ##
## Output variables. ##
## ----------------- ##

ACLOCAL='${SHELL} /home/thangpc/Downloads/gnome-disk-utility-3.24.1/build-aux/missing aclocal-1.15'
AMDEPBACKSLASH='\'
AMDEP_FALSE='#'
AMDEP_TRUE=''
AMTAR='$${TAR-tar}'
AM_BACKSLASH='\'
AM_DEFAULT_V='$(AM_DEFAULT_VERBOSITY)'
AM_DEFAULT_VERBOSITY='0'
AM_V='$(V)'
APPSTREAM_UTIL=''
APPSTREAM_XML_RULES=''
AR='ar'
AUTOCONF='${SHELL} /home/thangpc/Downloads/gnome-disk-utility-3.24.1/build-aux/missing autoconf'
AUTOHEADER='${SHELL} /home/thangpc/Downloads/gnome-disk-utility-3.24.1/build-aux/missing autoheader'
AUTOMAKE='${SHELL} /home/thangpc/Downloads/gnome-disk-utility-3.24.1/build-aux/missing automake-1.15'
AWK='mawk'
CANBERRA_CFLAGS=''
CANBERRA_LIBS=''
CC='gcc'
CCDEPMODE='depmode=gcc3'
CFLAGS='-g -O2'
CPP='gcc -E'
CPPFLAGS=''
CYGPATH_W='echo'
DEFS=''
DEPDIR='.deps'
DLLTOOL='false'
DSYMUTIL=''
DUMPBIN=''
ECHO_C=''
ECHO_N='-n'
ECHO_T=''
EGREP='/bin/grep -E'
EXEEXT=''
FGREP='/bin/grep -F'
GETTEXT_MACRO_VERSION=''
GETTEXT_PACKAGE=''
GLIB2_CFLAGS=''
GLIB2_LIBS=''
GLIB_COMPILE_RESOURCES=''
GLIB_COMPILE_SCHEMAS=''
GMSGFMT=''
GMSGFMT_015=''
GREP='/bin/grep'
GSETTINGS_DISABLE_SCHEMAS_COMPILE=''
GSETTINGS_RULES=''
GTK3_CFLAGS=''
GTK3_LIBS=''
INSTALL_DATA='${INSTALL} -m 644'
INSTALL_PROGRAM='${INSTALL}'
INSTALL_SCRIPT='${INSTALL}'
INSTALL_STRIP_PROGRAM='$(install_sh) -c -s'
INTLLIBS=''
INTL_MACOSX_LIBS=''
LD='/usr/bin/ld -m elf_x86_64'
LDFLAGS=''
LIBDVDREAD_CFLAGS=''
LIBDVDREAD_LIBS=''
LIBICONV=''
LIBINTL=''
LIBLZMA_CFLAGS=''
LIBLZMA_LIBS=''
LIBNOTIFY_CFLAGS=''
LIBNOTIFY_LIBS=''
LIBOBJS=''
LIBS=''
LIBSECRET1_CFLAGS=''
LIBSECRET1_LIBS=''
LIBSYSTEMD_CFLAGS=''
LIBSYSTEMD_LIBS=''
LIBTOOL='$(SHELL) $(top_builddir)/libtool'
LIPO=''
LN_S='ln -s'
LTLIBICONV=''
LTLIBINTL=''
LTLIBOBJS=''
LT_SYS_LIBRARY_PATH=''
MAINT=''
MAINTAINER_MODE_FALSE='#'
MAINTAINER_MODE_TRUE=''
MAKEINFO='${SHELL} /home/thangpc/Downloads/gnome-disk-utility-3.24.1/build-aux/missing makeinfo'
MANIFEST_TOOL=':'
MKDIR_P='/bin/mkdir -p'
MSGFMT=''
MSGFMT_015=''
MSGMERGE=''
NM='/usr/bin/nm -B'
NMEDIT=''
OBJDUMP='objdump'
OBJEXT='o'
OTOOL64=''
OTOOL=''
PACKAGE='gnome-disk-utility'
PACKAGE_BUGREPORT='https://bugzilla.gnome.org/enter_bug.cgi?product=gnome-disk-utility'
PACKAGE_NAME='GNOME Disk Utility'
PACKAGE_STRING='GNOME Disk Utility 3.24.1'
PACKAGE_TARNAME='gnome-disk-utility'
PACKAGE_URL=''
PACKAGE_VERSION='3.24.1'
PATH_SEPARATOR=':'
PKG_CONFIG='/usr/bin/pkg-config'
PKG_CONFIG_LIBDIR=''
PKG_CONFIG_PATH=''
POSUB=''
PWQUALITY_CFLAGS=''
PWQUALITY_LIBS=''
RANLIB='ranlib'
SED='/bin/sed'
SET_MAKE=''
SHELL='/bin/bash'
STRIP='strip'
UDISKS2_CFLAGS=''
UDISKS2_LIBS=''
USE_GSD_PLUGIN_FALSE=''
USE_GSD_PLUGIN_TRUE=''
USE_LIBSYSTEMD_FALSE=''
USE_LIBSYSTEMD_TRUE=''
USE_NLS=''
VERSION='3.24.1'
WARN_CFLAGS='-fno-strict-aliasing -Wall -Wextra -Wundef -Wnested-externs -Wwrite-strings -Wpointer-arith -Wmissing-declarations -Wmissing-prototypes -Wstrict-prototypes -Wredundant-decls -Wno-unused-parameter -Wno-missing-field-initializers -Wdeclaration-after-statement -Wformat=2 -Wold-style-definition -Wcast-align -Wformat-nonliteral -Wformat-security -Wsign-compare -Wstrict-aliasing -Wshadow -Winline -Wpacked -Wmissing-format-attribute -Wmissing-noreturn -Winit-self -Wmissing-include-dirs -Wunused-but-set-variable -Warray-bounds -Wimplicit-function-declaration -Wreturn-type -Wswitch-enum -Wswitch-default -Wno-error=unused-parameter -Wno-error=missing-field-initializers'
WARN_LDFLAGS='-Wl,--no-as-needed'
WARN_SCANNERFLAGS='              --warn-all                                                             '
XGETTEXT=''
XGETTEXT_015=''
XGETTEXT_EXTRA_OPTIONS=''
XSLTPROC=''
ac_ct_AR='ar'
ac_ct_CC='gcc'
ac_ct_DUMPBIN=''
am__EXEEXT_FALSE=''
am__EXEEXT_TRUE=''
am__fastdepCC_FALSE='#'
am__fastdepCC_TRUE=''
am__include='include'
am__isrc=''
am__leading_dot='.'
am__nodep='_no'
am__quote=''
am__tar='tar --format=ustar -chf - "$$tardir"'
am__untar='tar -xf -'
appstreamxmldir=''
bindir='${exec_prefix}/bin'
build='x86_64-unknown-linux-gnu'
build_alias=''
build_cpu='x86_64'
build_os='linux-gnu'
build_vendor='unknown'
datadir='${datarootdir}'
datarootdir='${prefix}/share'
docdir='${datarootdir}/doc/${PACKAGE_TARNAME}'
dvidir='${docdir}'
exec_prefix='NONE'
gsettingsschemadir=''
host='x86_64-unknown-linux-gnu'
host_alias=''
host_cpu='x86_64'
host_os='linux-gnu'
host_vendor='unknown'
htmldir='${docdir}'
includedir='${prefix}/include'
infodir='${datarootdir}/info'
install_sh='${SHELL} /home/thangpc/Downloads/gnome-disk-utility-3.24.1/build-aux/install-sh'
libdir='${exec_prefix}/lib'
libexecdir='${exec_prefix}/libexec'
localedir='${datarootdir}/locale'
localstatedir='${prefix}/var'
mandir='${datarootdir}/man'
mkdir_p='$(MKDIR_P)'
oldincludedir='/usr/include'
pdfdir='${docdir}'
prefix='/usr'
program_transform_name='s,x,x,'
psdir='${docdir}'
sbindir='${exec_prefix}/sbin'
sharedstatedir='${prefix}/com'
sysconfdir='/etc'
target_alias=''

## ----------- ##
## confdefs.h. ##
## ----------- ##

/* confdefs.h */
#define PACKAGE_NAME "GNOME Disk Utility"
#define PACKAGE_TARNAME "gnome-disk-utility"
#define PACKAGE_VERSION "3.24.1"
#define PACKAGE_STRING "GNOME Disk Utility 3.24.1"
#define PACKAGE_BUGREPORT "https://bugzilla.gnome.org/enter_bug.cgi?product=gnome-disk-utility"
#define PACKAGE_URL ""
#define PACKAGE "gnome-disk-utility"
#define VERSION "3.24.1"
#define STDC_HEADERS 1
#define HAVE_SYS_TYPES_H 1
#define HAVE_SYS_STAT_H 1
#define HAVE_STDLIB_H 1
#define HAVE_STRING_H 1
#define HAVE_MEMORY_H 1
#define HAVE_STRINGS_H 1
#define HAVE_INTTYPES_H 1
#define HAVE_STDINT_H 1
#define HAVE_UNISTD_H 1
#define HAVE_DLFCN_H 1
#define LT_OBJDIR ".libs/"
#define HAVE_FALLOCATE 1

configure: exit 1
