This file contains any messages produced by compilers while
running configure, to aid debugging if configure makes a mistake.

It was created by reaver configure 1.4, which was
generated by GNU Autoconf 2.65.  Invocation command line was

  $ ./configure 

## --------- ##
## Platform. ##
## --------- ##

hostname = thangpc-Inspiron-5547
uname -m = x86_64
uname -r = 4.10.0-32-generic
uname -s = Linux
uname -v = #36~16.04.1-Ubuntu SMP Wed Aug 9 09:19:02 UTC 2017

/usr/bin/uname -p = unknown
/bin/uname -X     = unknown

/bin/arch              = unknown
/usr/bin/arch -k       = unknown
/usr/convex/getsysinfo = unknown
/usr/bin/hostinfo      = unknown
/bin/machine           = unknown
/usr/bin/oslevel       = unknown
/bin/universe          = unknown

PATH: /home/thangpc/bin
PATH: /home/thangpc/.local/bin
PATH: /usr/local/sbin
PATH: /usr/local/bin
PATH: /usr/sbin
PATH: /usr/bin
PATH: /sbin
PATH: /bin
PATH: /usr/games
PATH: /usr/local/games
PATH: /snap/bin


## ----------- ##
## Core tests. ##
## ----------- ##

configure:2033: checking for gcc
configure:2049: found /usr/bin/gcc
configure:2060: result: gcc
configure:2289: checking for C compiler version
configure:2298: gcc --version >&5
gcc (Ubuntu 5.4.0-6ubuntu1~16.04.4) 5.4.0 20160609
Copyright (C) 2015 Free Software Foundation, Inc.
This is free software; see the source for copying conditions.  There is NO
warranty; not even for MERCHANTABILITY or FITNESS FOR A PARTICULAR PURPOSE.

configure:2309: $? = 0
configure:2298: gcc -v >&5
Using built-in specs.
COLLECT_GCC=gcc
COLLECT_LTO_WRAPPER=/usr/lib/gcc/x86_64-linux-gnu/5/lto-wrapper
Target: x86_64-linux-gnu
Configured with: ../src/configure -v --with-pkgversion='Ubuntu 5.4.0-6ubuntu1~16.04.4' --with-bugurl=file:///usr/share/doc/gcc-5/README.Bugs --enable-languages=c,ada,c++,java,go,d,fortran,objc,obj-c++ --prefix=/usr --program-suffix=-5 --enable-shared --enable-linker-build-id --libexecdir=/usr/lib --without-included-gettext --enable-threads=posix --libdir=/usr/lib --enable-nls --with-sysroot=/ --enable-clocale=gnu --enable-libstdcxx-debug --enable-libstdcxx-time=yes --with-default-libstdcxx-abi=new --enable-gnu-unique-object --disable-vtable-verify --enable-libmpx --enable-plugin --with-system-zlib --disable-browser-plugin --enable-java-awt=gtk --enable-gtk-cairo --with-java-home=/usr/lib/jvm/java-1.5.0-gcj-5-amd64/jre --enable-java-home --with-jvm-root-dir=/usr/lib/jvm/java-1.5.0-gcj-5-amd64 --with-jvm-jar-dir=/usr/lib/jvm-exports/java-1.5.0-gcj-5-amd64 --with-arch-directory=amd64 --with-ecj-jar=/usr/share/java/eclipse-ecj.jar --enable-objc-gc --enable-multiarch --disable-werror --with-arch-32=i686 --with-abi=m64 --with-multilib-list=m32,m64,mx32 --enable-multilib --with-tune=generic --enable-checking=release --build=x86_64-linux-gnu --host=x86_64-linux-gnu --target=x86_64-linux-gnu
Thread model: posix
gcc version 5.4.0 20160609 (Ubuntu 5.4.0-6ubuntu1~16.04.4) 
configure:2309: $? = 0
configure:2298: gcc -V >&5
gcc: error: unrecognized command line option '-V'
gcc: fatal error: no input files
compilation terminated.
configure:2309: $? = 1
configure:2298: gcc -qversion >&5
gcc: error: unrecognized command line option '-qversion'
gcc: fatal error: no input files
compilation terminated.
configure:2309: $? = 1
configure:2329: checking whether the C compiler works
configure:2351: gcc    conftest.c  >&5
configure:2355: $? = 0
configure:2404: result: yes
configure:2407: checking for C compiler default output file name
configure:2409: result: a.out
configure:2415: checking for suffix of executables
configure:2422: gcc -o conftest    conftest.c  >&5
configure:2426: $? = 0
configure:2448: result: 
configure:2470: checking whether we are cross compiling
configure:2478: gcc -o conftest    conftest.c  >&5
configure:2482: $? = 0
configure:2489: ./conftest
configure:2493: $? = 0
configure:2508: result: no
configure:2513: checking for suffix of object files
configure:2535: gcc -c   conftest.c >&5
configure:2539: $? = 0
configure:2560: result: o
configure:2564: checking whether we are using the GNU C compiler
configure:2583: gcc -c   conftest.c >&5
configure:2583: $? = 0
configure:2592: result: yes
configure:2601: checking whether gcc accepts -g
configure:2621: gcc -c -g  conftest.c >&5
configure:2621: $? = 0
configure:2662: result: yes
configure:2679: checking for gcc option to accept ISO C89
configure:2743: gcc  -c -g -O2  conftest.c >&5
configure:2743: $? = 0
configure:2756: result: none needed
configure:2787: checking for pcap_open_live in -lpcap
configure:2812: gcc -o conftest -Wall -g -O2  -ldl -lm -lpcap -lsqlite3  conftest.c -lpcap   >&5
configure:2812: $? = 0
configure:2821: result: yes
configure:2834: checking for sqlite3_open in -lsqlite3
configure:2859: gcc -o conftest -Wall -g -O2  -ldl -lm -lpcap -lsqlite3  conftest.c -lsqlite3  -lpcap  >&5
configure:2859: $? = 0
configure:2868: result: yes
configure:2886: checking how to run the C preprocessor
configure:2917: gcc -E  conftest.c
configure:2917: $? = 0
configure:2931: gcc -E  conftest.c
conftest.c:11:28: fatal error: ac_nonexistent.h: No such file or directory
compilation terminated.
configure:2931: $? = 1
configure: failed program was:
| /* confdefs.h */
| #define PACKAGE_NAME "reaver"
| #define PACKAGE_TARNAME "reaver"
| #define PACKAGE_VERSION "1.4"
| #define PACKAGE_STRING "reaver 1.4"
| #define PACKAGE_BUGREPORT ""
| #define PACKAGE_URL ""
| #define HAVE_LIBPCAP 1
| #define HAVE_LIBSQLITE3 1
| /* end confdefs.h.  */
| #include <ac_nonexistent.h>
configure:2956: result: gcc -E
configure:2976: gcc -E  conftest.c
configure:2976: $? = 0
configure:2990: gcc -E  conftest.c
conftest.c:11:28: fatal error: ac_nonexistent.h: No such file or directory
compilation terminated.
configure:2990: $? = 1
configure: failed program was:
| /* confdefs.h */
| #define PACKAGE_NAME "reaver"
| #define PACKAGE_TARNAME "reaver"
| #define PACKAGE_VERSION "1.4"
| #define PACKAGE_STRING "reaver 1.4"
| #define PACKAGE_BUGREPORT ""
| #define PACKAGE_URL ""
| #define HAVE_LIBPCAP 1
| #define HAVE_LIBSQLITE3 1
| /* end confdefs.h.  */
| #include <ac_nonexistent.h>
configure:3019: checking for grep that handles long lines and -e
configure:3077: result: /bin/grep
configure:3082: checking for egrep
configure:3144: result: /bin/grep -E
configure:3149: checking for ANSI C header files
configure:3169: gcc -c -Wall -g -O2  conftest.c >&5
configure:3169: $? = 0
configure:3242: gcc -o conftest -Wall -g -O2  -ldl -lm -lpcap -lsqlite3  conftest.c -lsqlite3 -lpcap  >&5
configure:3242: $? = 0
configure:3242: ./conftest
configure:3242: $? = 0
configure:3253: result: yes
configure:3266: checking for sys/types.h
configure:3266: gcc -c -Wall -g -O2  conftest.c >&5
configure:3266: $? = 0
configure:3266: result: yes
configure:3266: checking for sys/stat.h
configure:3266: gcc -c -Wall -g -O2  conftest.c >&5
configure:3266: $? = 0
configure:3266: result: yes
configure:3266: checking for stdlib.h
configure:3266: gcc -c -Wall -g -O2  conftest.c >&5
configure:3266: $? = 0
configure:3266: result: yes
configure:3266: checking for string.h
configure:3266: gcc -c -Wall -g -O2  conftest.c >&5
configure:3266: $? = 0
configure:3266: result: yes
configure:3266: checking for memory.h
configure:3266: gcc -c -Wall -g -O2  conftest.c >&5
configure:3266: $? = 0
configure:3266: result: yes
configure:3266: checking for strings.h
configure:3266: gcc -c -Wall -g -O2  conftest.c >&5
configure:3266: $? = 0
configure:3266: result: yes
configure:3266: checking for inttypes.h
configure:3266: gcc -c -Wall -g -O2  conftest.c >&5
configure:3266: $? = 0
configure:3266: result: yes
configure:3266: checking for stdint.h
configure:3266: gcc -c -Wall -g -O2  conftest.c >&5
configure:3266: $? = 0
configure:3266: result: yes
configure:3266: checking for unistd.h
configure:3266: gcc -c -Wall -g -O2  conftest.c >&5
configure:3266: $? = 0
configure:3266: result: yes
configure:3282: checking for stdlib.h
configure:3282: result: yes
configure:3282: checking for stdint.h
configure:3282: result: yes
configure:3282: checking for string.h
configure:3282: result: yes
configure:3297: checking pcap.h usability
configure:3297: gcc -c -Wall -g -O2  conftest.c >&5
configure:3297: $? = 0
configure:3297: result: yes
configure:3297: checking pcap.h presence
configure:3297: gcc -E  conftest.c
configure:3297: $? = 0
configure:3297: result: yes
configure:3297: checking for pcap.h
configure:3297: result: yes
configure:3311: checking sqlite3.h usability
configure:3311: gcc -c -Wall -g -O2  conftest.c >&5
configure:3311: $? = 0
configure:3311: result: yes
configure:3311: checking sqlite3.h presence
configure:3311: gcc -E  conftest.c
configure:3311: $? = 0
configure:3311: result: yes
configure:3311: checking for sqlite3.h
configure:3311: result: yes
configure:3468: creating ./config.status

## ---------------------- ##
## Running config.status. ##
## ---------------------- ##

This file was extended by reaver config.status 1.4, which was
generated by GNU Autoconf 2.65.  Invocation command line was

  CONFIG_FILES    = 
  CONFIG_HEADERS  = 
  CONFIG_LINKS    = 
  CONFIG_COMMANDS = 
  $ ./config.status 

on thangpc-Inspiron-5547

config.status:728: creating Makefile

## ---------------- ##
## Cache variables. ##
## ---------------- ##

ac_cv_c_compiler_gnu=yes
ac_cv_env_CC_set=
ac_cv_env_CC_value=
ac_cv_env_CFLAGS_set=
ac_cv_env_CFLAGS_value=
ac_cv_env_CPPFLAGS_set=
ac_cv_env_CPPFLAGS_value=
ac_cv_env_CPP_set=
ac_cv_env_CPP_value=
ac_cv_env_LDFLAGS_set=
ac_cv_env_LDFLAGS_value=
ac_cv_env_LIBS_set=
ac_cv_env_LIBS_value=
ac_cv_env_build_alias_set=
ac_cv_env_build_alias_value=
ac_cv_env_host_alias_set=
ac_cv_env_host_alias_value=
ac_cv_env_target_alias_set=
ac_cv_env_target_alias_value=
ac_cv_header_inttypes_h=yes
ac_cv_header_memory_h=yes
ac_cv_header_pcap_h=yes
ac_cv_header_sqlite3_h=yes
ac_cv_header_stdc=yes
ac_cv_header_stdint_h=yes
ac_cv_header_stdlib_h=yes
ac_cv_header_string_h=yes
ac_cv_header_strings_h=yes
ac_cv_header_sys_stat_h=yes
ac_cv_header_sys_types_h=yes
ac_cv_header_unistd_h=yes
ac_cv_lib_pcap_pcap_open_live=yes
ac_cv_lib_sqlite3_sqlite3_open=yes
ac_cv_objext=o
ac_cv_path_EGREP='/bin/grep -E'
ac_cv_path_GREP=/bin/grep
ac_cv_prog_CPP='gcc -E'
ac_cv_prog_ac_ct_CC=gcc
ac_cv_prog_cc_c89=
ac_cv_prog_cc_g=yes

## ----------------- ##
## Output variables. ##
## ----------------- ##

CC='gcc'
CFLAGS='-Wall -g -O2'
CPP='gcc -E'
CPPFLAGS=''
DEFS='-DPACKAGE_NAME=\"reaver\" -DPACKAGE_TARNAME=\"reaver\" -DPACKAGE_VERSION=\"1.4\" -DPACKAGE_STRING=\"reaver\ 1.4\" -DPACKAGE_BUGREPORT=\"\" -DPACKAGE_URL=\"\" -DHAVE_LIBPCAP=1 -DHAVE_LIBSQLITE3=1 -DSTDC_HEADERS=1 -DHAVE_SYS_TYPES_H=1 -DHAVE_SYS_STAT_H=1 -DHAVE_STDLIB_H=1 -DHAVE_STRING_H=1 -DHAVE_MEMORY_H=1 -DHAVE_STRINGS_H=1 -DHAVE_INTTYPES_H=1 -DHAVE_STDINT_H=1 -DHAVE_UNISTD_H=1 -DHAVE_STDLIB_H=1 -DHAVE_STDINT_H=1 -DHAVE_STRING_H=1 -DHAVE_PCAP_H=1 -DHAVE_SQLITE3_H=1'
ECHO_C=''
ECHO_N='-n'
ECHO_T=''
EGREP='/bin/grep -E'
EXEEXT=''
GREP='/bin/grep'
LDFLAGS='-ldl -lm -lpcap -lsqlite3 '
LIBOBJS=''
LIBS='-lsqlite3 -lpcap '
LTLIBOBJS=''
OBJEXT='o'
PACKAGE_BUGREPORT=''
PACKAGE_NAME='reaver'
PACKAGE_STRING='reaver 1.4'
PACKAGE_TARNAME='reaver'
PACKAGE_URL=''
PACKAGE_VERSION='1.4'
PATH_SEPARATOR=':'
SHELL='/bin/bash'
ac_ct_CC='gcc'
bindir='${exec_prefix}/bin'
build_alias=''
datadir='${datarootdir}'
datarootdir='${prefix}/share'
docdir='${datarootdir}/doc/${PACKAGE_TARNAME}'
dvidir='${docdir}'
exec_prefix='${prefix}'
host_alias=''
htmldir='${docdir}'
includedir='${prefix}/include'
infodir='${datarootdir}/info'
libdir='${exec_prefix}/lib'
libexecdir='${exec_prefix}/libexec'
localedir='${datarootdir}/locale'
localstatedir='${prefix}/var'
mandir='${datarootdir}/man'
oldincludedir='/usr/include'
pdfdir='${docdir}'
prefix='/usr/local'
program_transform_name='s,x,x,'
psdir='${docdir}'
sbindir='${exec_prefix}/sbin'
sharedstatedir='${prefix}/com'
sysconfdir='${prefix}/etc'
target='reaver'
target_alias=''

## ----------- ##
## confdefs.h. ##
## ----------- ##

/* confdefs.h */
#define PACKAGE_NAME "reaver"
#define PACKAGE_TARNAME "reaver"
#define PACKAGE_VERSION "1.4"
#define PACKAGE_STRING "reaver 1.4"
#define PACKAGE_BUGREPORT ""
#define PACKAGE_URL ""
#define HAVE_LIBPCAP 1
#define HAVE_LIBSQLITE3 1
#define STDC_HEADERS 1
#define HAVE_SYS_TYPES_H 1
#define HAVE_SYS_STAT_H 1
#define HAVE_STDLIB_H 1
#define HAVE_STRING_H 1
#define HAVE_MEMORY_H 1
#define HAVE_STRINGS_H 1
#define HAVE_INTTYPES_H 1
#define HAVE_STDINT_H 1
#define HAVE_UNISTD_H 1
#define HAVE_STDLIB_H 1
#define HAVE_STDINT_H 1
#define HAVE_STRING_H 1
#define HAVE_PCAP_H 1
#define HAVE_SQLITE3_H 1

configure: exit 0
